<?xml version="1.0" encoding="UTF-8"?>
<!-- Generated by org.testng.reporters.JUnitXMLReporter -->
<testsuite hostname="NOI-2870T02" ignored="3" name="Grouping Scenerio" tests="5" failures="0" timestamp="04 Feb 2020 09:54:42 GMT" time="0.048" errors="0">
  <testcase name="testC" time="0.01" classname="groupingFeature.GroupingExample"/>
  <testcase name="testE" time="0.002" classname="groupingFeature.GroupingExample"/>
  <testcase name="testF" time="0.001" classname="groupingFeature.GroupingExample"/>
  <testcase name="testG" time="0.001" classname="groupingFeature.GroupingExample"/>
  <testcase name="testH" time="0.001" classname="groupingFeature.GroupingExample"/>
  <testcase name="testD" time="0.0" classname="groupingFeature.GroupingExample">
    <ignored/>
  </testcase> <!-- testD -->
  <testcase name="testB" time="0.0" classname="groupingFeature.GroupingExample">
    <ignored/>
  </testcase> <!-- testB -->
  <testcase name="testA" time="0.0" classname="groupingFeature.GroupingExample">
    <ignored/>
  </testcase> <!-- testA -->
</testsuite> <!-- Grouping Scenerio -->
