<?xml version="1.0" encoding="UTF-8"?>
<!-- Generated by org.testng.reporters.JUnitXMLReporter -->
<testsuite hostname="NOI-2870T02" ignored="0" name="Default test" tests="3" failures="0" timestamp="22 Jul 2020 06:34:04 GMT" time="23.933" errors="0">
  <testcase name="loginPageTitleTest" time="0.104" classname="com.ems.qa.testcases.LoginPageTest"/>
  <testcase name="emsLogoImageTest" time="1.456" classname="com.ems.qa.testcases.LoginPageTest"/>
  <testcase name="loginTest" time="1.193" classname="com.ems.qa.testcases.LoginPageTest"/>
</testsuite> <!-- Default test -->
