<?xml version="1.0" encoding="UTF-8"?>
<!-- Generated by org.testng.reporters.JUnitXMLReporter -->
<testsuite hostname="NOI-2870T02" ignored="2" name="Test2(failed)" tests="2" failures="1" timestamp="04 Jan 2020 11:33:05 GMT" time="0.009" errors="0">
  <testcase name="TestToFail2" time="0.002" classname="itestlisteners.TestCases2">
    <skipped/>
  </testcase> <!-- TestToFail2 -->
  <testcase name="TestToFail2" time="0.001" classname="itestlisteners.TestCases2">
    <failure type="java.lang.AssertionError" message="expected [true] but found [false]">
      <![CDATA[java.lang.AssertionError: expected [true] but found [false]
at itestlisteners.TestCases2.TestToFail2(TestCases2.java:17)
... Removed 29 stack frames]]>
    </failure>
  </testcase> <!-- TestToFail2 -->
  <testcase name="TestPass2" time="0.0" classname="itestlisteners.TestCases2">
    <ignored/>
  </testcase> <!-- TestPass2 -->
  <testcase name="passTest2" time="0.0" classname="itestlisteners.TestCases2">
    <ignored/>
  </testcase> <!-- passTest2 -->
</testsuite> <!-- Test2(failed) -->
