<?xml version="1.0" encoding="UTF-8"?>
<!-- Generated by org.testng.reporters.JUnitXMLReporter -->
<testsuite hostname="NOI-2870T02" ignored="0" name="Test1" tests="4" failures="1" timestamp="04 Jan 2020 11:32:29 GMT" time="0.058" errors="0">
  <testcase name="TestPass1" time="0.015" classname="itestlisteners.TestCases"/>
  <testcase name="TestToFail1" time="0.003" classname="itestlisteners.TestCases">
    <skipped/>
  </testcase> <!-- TestToFail1 -->
  <testcase name="TestToFail1" time="0.002" classname="itestlisteners.TestCases">
    <failure type="java.lang.AssertionError" message="expected [true] but found [false]">
      <![CDATA[java.lang.AssertionError: expected [true] but found [false]
at itestlisteners.TestCases.TestToFail1(TestCases.java:17)
... Removed 29 stack frames]]>
    </failure>
  </testcase> <!-- TestToFail1 -->
  <testcase name="passTest1" time="0.001" classname="itestlisteners.TestCases"/>
</testsuite> <!-- Test1 -->
