<?xml version="1.0" encoding="UTF-8"?>
<!-- Generated by org.testng.reporters.JUnitXMLReporter -->
<testsuite hostname="NOI-2870T02" ignored="0" name="Test2" tests="4" failures="1" timestamp="04 Jan 2020 11:32:29 GMT" time="0.016" errors="0">
  <testcase name="TestPass2" time="0.002" classname="itestlisteners.TestCases2"/>
  <testcase name="TestToFail2" time="0.001" classname="itestlisteners.TestCases2">
    <skipped/>
  </testcase> <!-- TestToFail2 -->
  <testcase name="TestToFail2" time="0.001" classname="itestlisteners.TestCases2">
    <failure type="java.lang.AssertionError" message="expected [true] but found [false]">
      <![CDATA[java.lang.AssertionError: expected [true] but found [false]
at itestlisteners.TestCases2.TestToFail2(TestCases2.java:17)
... Removed 29 stack frames]]>
    </failure>
  </testcase> <!-- TestToFail2 -->
  <testcase name="passTest2" time="0.001" classname="itestlisteners.TestCases2"/>
</testsuite> <!-- Test2 -->
