<?xml version="1.0" encoding="UTF-8"?>
<testng-results skipped="0" failed="1" ignored="0" total="2" passed="1">
  <reporter-output>
  </reporter-output>
  <suite name="Suite1" duration-ms="11081" started-at="2020-02-04T10:02:17Z" finished-at="2020-02-04T10:02:28Z">
    <groups>
    </groups>
    <test name="test one" duration-ms="11081" started-at="2020-02-04T10:02:17Z" finished-at="2020-02-04T10:02:28Z">
      <class name="otherFeatures.TimeoutTestExample">
        <test-method status="FAIL" signature="myDisableTest()[pri:0, instance:otherFeatures.TimeoutTestExample@100fc185]" name="myDisableTest" duration-ms="5020" started-at="2020-02-04T10:02:17Z" finished-at="2020-02-04T10:02:22Z">
          <exception class="org.testng.internal.thread.ThreadTimeoutException">
            <message>
              <![CDATA[Method otherFeatures.TimeoutTestExample.myDisableTest() didn't finish within the time-out 5000]]>
            </message>
            <full-stacktrace>
              <![CDATA[org.testng.internal.thread.ThreadTimeoutException: Method otherFeatures.TimeoutTestExample.myDisableTest() didn't finish within the time-out 5000
at java.util.concurrent.FutureTask.setException(Unknown Source)
at java.util.concurrent.FutureTask.run(Unknown Source)
at java.util.concurrent.ThreadPoolExecutor.runWorker(Unknown Source)
at java.util.concurrent.ThreadPoolExecutor$Worker.run(Unknown Source)
at java.lang.Thread.run(Unknown Source)
]]>
            </full-stacktrace>
          </exception> <!-- org.testng.internal.thread.ThreadTimeoutException -->
          <reporter-output>
          </reporter-output>
        </test-method> <!-- myDisableTest -->
        <test-method status="PASS" signature="myDisableTestTwo()[pri:0, instance:otherFeatures.TimeoutTestExample@100fc185]" name="myDisableTestTwo" duration-ms="6014" started-at="2020-02-04T10:02:22Z" finished-at="2020-02-04T10:02:28Z">
          <reporter-output>
          </reporter-output>
        </test-method> <!-- myDisableTestTwo -->
      </class> <!-- otherFeatures.TimeoutTestExample -->
    </test> <!-- test one -->
  </suite> <!-- Suite1 -->
</testng-results>
